2024-10-25 16:19:27,598 - Default - SpawnPoolWorker-62 - 53156 - Starting crawl for URL: https://so.gamersky.com/all/down?s=%u9ed1%u795e%u8bdd+%u7b2c%u4e8c%u56de
2024-10-25 16:19:27,603 - Default - SpawnPoolWorker-66 - 53160 - Starting crawl for URL: https://down.gamersky.com/pc/202409/1815279.shtml
2024-10-25 16:19:27,604 - Default - SpawnPoolWorker-66 - 53160 - Error crawling URL: https://down.gamersky.com/pc/202409/1815279.shtml, Error: [Errno 2] No such file or directory: 'https=||imgs.gamersky.com|upimg|new_preview|2024|09|24|origin_202409241109393978.jpg'
2024-10-25 16:19:27,604 - Default - SpawnPoolWorker-66 - 53160 - Starting crawl for URL: https://down.gamersky.com/pc/202409/1815278.shtml
2024-10-25 16:19:27,605 - Default - SpawnPoolWorker-62 - 53156 - Error crawling URL: https://so.gamersky.com/all/down?s=%u9ed1%u795e%u8bdd+%u7b2c%u4e8c%u56de, Error: [Errno 2] No such file or directory: 'http=||img1.gamersky.com|image2024|08|20240819_qy_372_3|image019.jpg'
2024-10-25 16:19:27,605 - Default - SpawnPoolWorker-62 - 53156 - Starting crawl for URL: https://down.gamersky.com/pc/202409/1815283.shtml
2024-10-25 16:19:27,605 - Default - SpawnPoolWorker-62 - 53156 - Error crawling URL: https://down.gamersky.com/pc/202409/1815283.shtml, Error: [Errno 2] No such file or directory: 'https=||imgs.gamersky.com|upimg|new_preview|2020|08|20|origin_b_202008201102473937.jpg'
2024-10-25 16:19:27,605 - Default - SpawnPoolWorker-62 - 53156 - Starting crawl for URL: https://down.gamersky.com/pc/202409/1815281.shtml
2024-10-25 16:19:27,606 - Default - SpawnPoolWorker-62 - 53156 - Error crawling URL: https://down.gamersky.com/pc/202409/1815281.shtml, Error: [Errno 2] No such file or directory: 'http=||img1.gamersky.com|image2024|09|20240912_lcp_23_23|gamersky_01small_02_20249128287AF.jpg'
2024-10-25 16:19:27,606 - Default - SpawnPoolWorker-62 - 53156 - Starting crawl for URL: https://down.gamersky.com/pc/202409/1815280.shtml
2024-10-25 16:19:27,606 - Default - SpawnPoolWorker-62 - 53156 - Error crawling URL: https://down.gamersky.com/pc/202409/1815280.shtml, Error: [Errno 2] No such file or directory: 'http=||img1.gamersky.com|image2024|09|20240912_lcp_23_30|gamersky_01small_02_2024912842EEB.jpg'
2024-10-25 16:19:27,606 - Default - SpawnPoolWorker-62 - 53156 - Starting crawl for URL: https://down.gamersky.com/pc/202409/1815282.shtml
2024-10-25 16:19:27,608 - Default - SpawnPoolWorker-62 - 53156 - Error crawling URL: https://down.gamersky.com/pc/202409/1815282.shtml, Error: [Errno 2] No such file or directory: 'https=||img1.gamersky.com|image2018|07|20180725_yyc_325_23|icon.jpg'
2024-10-25 16:19:27,608 - Default - SpawnPoolWorker-62 - 53156 - Starting crawl for URL: https://down.gamersky.com/pc/202409/1815275.shtml
2024-10-25 16:19:27,608 - Default - SpawnPoolWorker-65 - 53159 - Starting crawl for URL: https://down.gamersky.com/pc/202409/1815276.shtml
2024-10-25 16:19:27,610 - Default - SpawnPoolWorker-66 - 53160 - Error crawling URL: https://down.gamersky.com/pc/202409/1815278.shtml, Error: [Errno 2] No such file or directory: 'https=||imgs.gamersky.com|upimg|new_preview|2024|10|14|origin_202410141529293749.jpg'
2024-10-25 16:19:27,610 - Default - SpawnPoolWorker-66 - 53160 - Starting crawl for URL: https://so.gamersky.com/all/handbook?s=%u9ed1%u795e%u8bdd+%u7b2c%u4e8c%u56de
2024-10-25 16:19:27,611 - Default - SpawnPoolWorker-62 - 53156 - Error crawling URL: https://down.gamersky.com/pc/202409/1815275.shtml, Error: [Errno 2] No such file or directory: 'https=||img1.gamersky.com|image2016|12|20161228_yyc_325_1|icon.jpg'
2024-10-25 16:19:27,611 - Default - SpawnPoolWorker-62 - 53156 - Starting crawl for URL: https://www.gamersky.com/handbook/202408/1803653.shtml
2024-10-25 16:19:27,611 - Default - SpawnPoolWorker-65 - 53159 - Error crawling URL: https://down.gamersky.com/pc/202409/1815276.shtml, Error: [Errno 2] No such file or directory: 'http=||img1.gamersky.com|image2024|08|20240821_qy_372_2|image003.jpg'
2024-10-25 16:19:27,611 - Default - SpawnPoolWorker-65 - 53159 - Starting crawl for URL: https://www.gamersky.com/handbook/202408/1803398.shtml
2024-10-25 16:19:27,612 - Default - SpawnPoolWorker-66 - 53160 - Error crawling URL: https://so.gamersky.com/all/handbook?s=%u9ed1%u795e%u8bdd+%u7b2c%u4e8c%u56de, Error: [Errno 2] No such file or directory: 'http=||img1.gamersky.com|image2024|08|20240819_qy_372_3|image013.jpg'
2024-10-25 16:19:27,613 - Default - SpawnPoolWorker-66 - 53160 - Starting crawl for URL: https://www.gamersky.com/handbook/202408/1803930.shtml
2024-10-25 16:19:27,614 - Default - SpawnPoolWorker-65 - 53159 - Error crawling URL: https://www.gamersky.com/handbook/202408/1803398.shtml, Error: [Errno 2] No such file or directory: 'http=||img1.gamersky.com|image2024|08|20240819_qy_372_6|image021.jpg'
2024-10-25 16:19:27,614 - Default - SpawnPoolWorker-65 - 53159 - Starting crawl for URL: https://www.gamersky.com/handbook/202408/1803479.shtml
2024-10-25 16:19:27,615 - Default - SpawnPoolWorker-66 - 53160 - Error crawling URL: https://www.gamersky.com/handbook/202408/1803930.shtml, Error: [Errno 2] No such file or directory: 'img'
2024-10-25 16:19:27,615 - Default - SpawnPoolWorker-66 - 53160 - Starting crawl for URL: https://www.gamersky.com/handbook/202408/1803230.shtml
2024-10-25 16:19:27,615 - Default - SpawnPoolWorker-62 - 53156 - Error crawling URL: https://www.gamersky.com/handbook/202408/1803653.shtml, Error: [Errno 2] No such file or directory: 'http=||img1.gamersky.com|image2024|08|20240819_qy_372_3|image005.jpg'
2024-10-25 16:19:27,615 - Default - SpawnPoolWorker-62 - 53156 - Starting crawl for URL: https://www.gamersky.com/handbook/202408/1803842.shtml
2024-10-25 16:19:27,616 - Default - SpawnPoolWorker-66 - 53160 - Error crawling URL: https://www.gamersky.com/handbook/202408/1803230.shtml, Error: [Errno 2] No such file or directory: 'https=||www.gamersky.com|handbook|202408|1803230.shtml_text_with_images.html'
2024-10-25 16:19:27,617 - Default - SpawnPoolWorker-62 - 53156 - -----------------------------------------------------------
2024-10-25 16:19:27,617 - Default - SpawnPoolWorker-62 - 53156 - New crawled URL added to crawled_urls.json: https://www.gamersky.com/handbook/202408/1803842.shtml. Total URLs: 1
2024-10-25 16:19:27,617 - Default - SpawnPoolWorker-66 - 53160 - Starting crawl for URL: https://www.gamersky.com/handbook/202408/1803249.shtml
2024-10-25 16:19:27,617 - Default - SpawnPoolWorker-65 - 53159 - Error crawling URL: https://www.gamersky.com/handbook/202408/1803479.shtml, Error: [Errno 2] No such file or directory: 'rawdata'
2024-10-25 16:19:27,617 - Default - SpawnPoolWorker-65 - 53159 - Starting crawl for URL: https://www.gamersky.com/handbook/202408/1803534.shtml
2024-10-25 16:19:27,618 - Default - SpawnPoolWorker-65 - 53159 - -----------------------------------------------------------
2024-10-25 16:19:27,618 - Default - SpawnPoolWorker-66 - 53160 - Error crawling URL: https://www.gamersky.com/handbook/202408/1803249.shtml, Error: [Errno 17] File exists: 'quicksearch_cache'
2024-10-25 16:19:27,618 - Default - SpawnPoolWorker-65 - 53159 - New crawled URL added to crawled_urls.json: https://www.gamersky.com/handbook/202408/1803534.shtml. Total URLs: 1
2024-10-25 16:19:27,861 - Default - SpawnPoolWorker-62 - 53156 - Success on attempt 1 for https://www.gamersky.com/handbook/202408/1803842.shtml
2024-10-25 16:19:27,863 - Default - SpawnPoolWorker-65 - 53159 - Success on attempt 1 for https://www.gamersky.com/handbook/202408/1803534.shtml
2024-10-25 16:19:27,866 - Default - SpawnPoolWorker-62 - 53156 - Found '黑神话' in Mid2L_con or Title at https://www.gamersky.com/handbook/202408/1803842.shtml (Depth: 1)
2024-10-25 16:19:27,866 - Default - SpawnPoolWorker-62 - 53156 - New link added to links.json: https://www.gamersky.com/handbook/202408/1803842.shtml. Total links: 1
2024-10-25 16:19:27,867 - Default - SpawnPoolWorker-65 - 53159 - Found '黑神话' in Mid2L_con or Title at https://www.gamersky.com/handbook/202408/1803534.shtml (Depth: 1)
2024-10-25 16:19:27,868 - Default - SpawnPoolWorker-65 - 53159 - New link added to links.json: https://www.gamersky.com/handbook/202408/1803534.shtml. Total links: 1
2024-10-25 16:19:28,867 - Default - SpawnPoolWorker-62 - 53156 - JSON content successfully saved to quicksearch_cache/mmtext.json
2024-10-25 16:19:28,868 - Default - SpawnPoolWorker-62 - 53156 - JSON content successfully saved to quicksearch_cache/mmimg.json
2024-10-25 16:19:28,868 - Default - SpawnPoolWorker-62 - 53156 - ⭐️1. Completed crawl and save data for URL: https://www.gamersky.com/handbook/202408/1803842.shtml
2024-10-25 16:19:28,951 - Default - SpawnPoolWorker-65 - 53159 - JSON content successfully saved to quicksearch_cache/mmtext.json
2024-10-25 16:19:28,952 - Default - SpawnPoolWorker-65 - 53159 - JSON content successfully saved to quicksearch_cache/mmimg.json
2024-10-25 16:19:28,952 - Default - SpawnPoolWorker-65 - 53159 - ⭐️1. Completed crawl and save data for URL: https://www.gamersky.com/handbook/202408/1803534.shtml
