2024-11-30 20:25:08,518 - Default - MainProcess - 3314 - Starting to get the related page links
2024-11-30 20:25:38,522 - Default - MainProcess - 3314 - Error fetching or parsing content from https://soso.gamersky.com/cse/search?q=黑神话第二回&s=3068275339727451251&nsid=1&nsid=1: HTTPSConnectionPool(host='soso.gamersky.com', port=443): Max retries exceeded with url: /cse/search?q=%E9%BB%91%E7%A5%9E%E8%AF%9D%E7%AC%AC%E4%BA%8C%E5%9B%9E&s=3068275339727451251&nsid=1&nsid=1 (Caused by NameResolutionError("<urllib3.connection.HTTPSConnection object at 0x30aff6010>: Failed to resolve 'soso.gamersky.com' ([Errno 8] nodename nor servname provided, or not known)"))
2024-11-30 20:25:38,522 - Default - MainProcess - 3314 - Fetched links: []
2024-11-30 20:25:38,522 - Default - MainProcess - 3314 - Relevant links: []
2024-11-30 20:26:09,890 - Default - MainProcess - 3314 - websense_agent: Irrelevant link skipped: https://wap.gamersky.com/gl/Content-1803232_9.html (Title: 《黑神话悟空》支线攻略 NPC位置及支线任务攻略汇总_第二回-石中人 :: 游民星空 GamerSky.com)
2024-11-30 20:26:26,358 - Default - MainProcess - 3314 - Starting to get the related page links
2024-11-30 20:26:27,173 - Default - MainProcess - 3314 - Found 10 links containing '黑神话第二回' on https://soso.gamersky.com/cse/search?q=黑神话第二回&s=3068275339727451251&nsid=1&nsid=1
2024-11-30 20:26:27,174 - Default - MainProcess - 3314 - Fetched links: ['https://wap.gamersky.com/gl/Content-1803232_9.html', 'https://www.gamersky.com/handbook/202408/1803231_11.shtml', 'https://wap.gamersky.com/gl/Content-1803231_19.html', 'https://www.gamersky.com/handbook/202409/1818443.shtml?gsAppOpenWithNewWindow=true', 'http://club.gamersky.com/m/activity/862410?club=213', 'https://down.gamersky.com/pc/202409/1815281.shtml', 'http://club.gamersky.com/activity/862542?club=213', 'https://down.gamersky.com/pc/202409/1816491.shtml', 'https://wap.gamersky.com/gl/Content-851493.html', 'https://www.gamersky.com/handbook/202408/1803398_2.shtml']
2024-11-30 20:26:30,298 - Default - MainProcess - 3314 - websense_agent: Relevant link found: https://wap.gamersky.com/gl/Content-1803232_9.html (Title: 《黑神话悟空》支线攻略 NPC位置及支线任务攻略汇总_第二回-石中人 :: 游民星空 GamerSky.com)
2024-11-30 20:26:35,598 - Default - MainProcess - 3314 - websense_agent: Relevant link found: https://www.gamersky.com/handbook/202408/1803231_11.shtml (Title: 《黑神话悟空》全探索图文攻略 支线+隐藏+重要收集路线讲解_第二回-沙门村 村口-游民星空 GamerSky.com)
2024-11-30 20:26:36,254 - Default - MainProcess - 3314 - websense_agent: Relevant link found: https://wap.gamersky.com/gl/Content-1803231_19.html (Title: 《黑神话悟空》全探索图文攻略 支线+隐藏+重要收集路线讲解_第二回-卧虎寺 寺门 :: 游民星空 GamerSky.com)
2024-11-30 20:26:38,960 - Default - MainProcess - 3314 - websense_agent: Relevant link found: https://www.gamersky.com/handbook/202409/1818443.shtml?gsAppOpenWithNewWindow=true (Title: 《黑神话悟空》第二回易错过支线及不可逆内容介绍-游民星空 GamerSky.com)
2024-11-30 20:26:39,346 - Default - MainProcess - 3314 - websense_agent: Relevant link found: https://www.gamersky.com/handbook/202408/1803231_11.shtml (Title: 《黑神话悟空》全探索图文攻略 支线+隐藏+重要收集路线讲解_第二回-沙门村 村口-游民星空 GamerSky.com)
2024-11-30 20:26:39,855 - Default - MainProcess - 3314 - websense_agent: Relevant link found: https://wap.gamersky.com/gl/Content-1803231_19.html (Title: 《黑神话悟空》全探索图文攻略 支线+隐藏+重要收集路线讲解_第二回-卧虎寺 寺门 :: 游民星空 GamerSky.com)
2024-11-30 20:26:40,302 - Default - MainProcess - 3314 - websense_agent: Relevant link found: http://club.gamersky.com/m/activity/862410?club=213 (Title: 《黑神话》第二回、第三回互动地图现已完全重制！_黑神话：悟空|游民星空)
2024-11-30 20:26:40,492 - Default - MainProcess - 3314 - websense_agent: Relevant link found: https://www.gamersky.com/handbook/202409/1818443.shtml?gsAppOpenWithNewWindow=true (Title: 《黑神话悟空》第二回易错过支线及不可逆内容介绍-游民星空 GamerSky.com)
2024-11-30 20:26:41,134 - Default - MainProcess - 3314 - websense_agent: Relevant link found: http://club.gamersky.com/m/activity/862410?club=213 (Title: 《黑神话》第二回、第三回互动地图现已完全重制！_黑神话：悟空|游民星空)
2024-11-30 20:26:41,332 - Default - MainProcess - 3314 - websense_agent: Relevant link found: https://down.gamersky.com/pc/202409/1815281.shtml (Title: 《黑神话悟空》二周目第二回土地存档_黑神话：悟空下载 - 游民星空下载中心)
2024-11-30 20:26:41,797 - Default - MainProcess - 3314 - websense_agent: Relevant link found: https://down.gamersky.com/pc/202409/1815281.shtml (Title: 《黑神话悟空》二周目第二回土地存档_黑神话：悟空下载 - 游民星空下载中心)
2024-11-30 20:26:41,968 - Default - MainProcess - 3314 - websense_agent: Irrelevant link skipped: http://club.gamersky.com/activity/862542?club=213 (Title: 二周目注意事项 千万别做这些事！_黑神话：悟空|游民星空)
2024-11-30 20:26:42,421 - Default - MainProcess - 3314 - websense_agent: Relevant link found: http://club.gamersky.com/activity/862542?club=213 (Title: 二周目注意事项 千万别做这些事！_黑神话：悟空|游民星空)
2024-11-30 20:26:42,900 - Default - MainProcess - 3314 - websense_agent: Irrelevant link skipped: https://down.gamersky.com/pc/202409/1816491.shtml (Title: 《黑神话悟空》二周目第三回开场存档_黑神话：悟空下载 - 游民星空下载中心)
2024-11-30 20:26:43,428 - Default - MainProcess - 3314 - websense_agent: Relevant link found: https://down.gamersky.com/pc/202409/1816491.shtml (Title: 《黑神话悟空》二周目第三回开场存档_黑神话：悟空下载 - 游民星空下载中心)
2024-11-30 20:26:43,567 - Default - MainProcess - 3314 - websense_agent: Irrelevant link skipped: https://wap.gamersky.com/gl/Content-851493.html (Title: 《饥荒》冷知识大全及实用技巧解析 材料获得打怪及生存技巧_ :: 游民星空 GamerSky.com)
2024-11-30 20:26:44,064 - Default - MainProcess - 3314 - websense_agent: Irrelevant link skipped: https://wap.gamersky.com/gl/Content-851493.html (Title: 《饥荒》冷知识大全及实用技巧解析 材料获得打怪及生存技巧_ :: 游民星空 GamerSky.com)
2024-11-30 20:26:44,343 - Default - MainProcess - 3314 - websense_agent: Relevant link found: https://www.gamersky.com/handbook/202408/1803398_2.shtml (Title: 《黑神话悟空》第二回蒲团位置及路线 第二章蒲团在哪_第二回-黄风岭-碎石台谷壑前-游民星空 GamerSky.com)
2024-11-30 20:26:44,343 - Default - MainProcess - 3314 - Relevant links: ['https://www.gamersky.com/handbook/202408/1803231_11.shtml', 'https://wap.gamersky.com/gl/Content-1803231_19.html', 'https://www.gamersky.com/handbook/202409/1818443.shtml?gsAppOpenWithNewWindow=true', 'http://club.gamersky.com/m/activity/862410?club=213', 'https://down.gamersky.com/pc/202409/1815281.shtml', 'https://www.gamersky.com/handbook/202408/1803398_2.shtml']
2024-11-30 20:26:44,343 - Default - MainProcess - 3314 - Processing relevant link: https://www.gamersky.com/handbook/202408/1803231_11.shtml
2024-11-30 20:26:44,343 - Default - MainProcess - 3314 - Processing relevant link: https://wap.gamersky.com/gl/Content-1803231_19.html
2024-11-30 20:26:44,343 - Default - MainProcess - 3314 - Processing relevant link: https://www.gamersky.com/handbook/202409/1818443.shtml?gsAppOpenWithNewWindow=true
2024-11-30 20:26:44,343 - Default - MainProcess - 3314 - Processing relevant link: http://club.gamersky.com/m/activity/862410?club=213
2024-11-30 20:26:44,343 - Default - MainProcess - 3314 - Processing relevant link: https://down.gamersky.com/pc/202409/1815281.shtml
2024-11-30 20:26:44,343 - Default - MainProcess - 3314 - Processing relevant link: https://www.gamersky.com/handbook/202408/1803398_2.shtml
2024-11-30 20:26:44,825 - Default - MainProcess - 3314 - websense_agent: Relevant link found: https://www.gamersky.com/handbook/202408/1803398_2.shtml (Title: 《黑神话悟空》第二回蒲团位置及路线 第二章蒲团在哪_第二回-黄风岭-碎石台谷壑前-游民星空 GamerSky.com)
2024-11-30 20:26:44,825 - Default - MainProcess - 3314 - Relevant links: ['https://wap.gamersky.com/gl/Content-1803232_9.html', 'https://www.gamersky.com/handbook/202408/1803231_11.shtml', 'https://wap.gamersky.com/gl/Content-1803231_19.html', 'https://www.gamersky.com/handbook/202409/1818443.shtml?gsAppOpenWithNewWindow=true', 'http://club.gamersky.com/m/activity/862410?club=213', 'https://down.gamersky.com/pc/202409/1815281.shtml', 'http://club.gamersky.com/activity/862542?club=213', 'https://down.gamersky.com/pc/202409/1816491.shtml', 'https://www.gamersky.com/handbook/202408/1803398_2.shtml']
2024-11-30 20:26:44,825 - Default - MainProcess - 3314 - Processing relevant link: https://wap.gamersky.com/gl/Content-1803232_9.html
2024-11-30 20:26:44,825 - Default - MainProcess - 3314 - Processing relevant link: https://www.gamersky.com/handbook/202408/1803231_11.shtml
2024-11-30 20:26:44,825 - Default - MainProcess - 3314 - Processing relevant link: https://wap.gamersky.com/gl/Content-1803231_19.html
2024-11-30 20:26:44,825 - Default - MainProcess - 3314 - Processing relevant link: https://www.gamersky.com/handbook/202409/1818443.shtml?gsAppOpenWithNewWindow=true
2024-11-30 20:26:44,825 - Default - MainProcess - 3314 - Processing relevant link: http://club.gamersky.com/m/activity/862410?club=213
2024-11-30 20:26:44,825 - Default - MainProcess - 3314 - Processing relevant link: https://down.gamersky.com/pc/202409/1815281.shtml
2024-11-30 20:26:44,825 - Default - MainProcess - 3314 - Processing relevant link: http://club.gamersky.com/activity/862542?club=213
2024-11-30 20:26:44,825 - Default - MainProcess - 3314 - Processing relevant link: https://down.gamersky.com/pc/202409/1816491.shtml
2024-11-30 20:26:44,825 - Default - MainProcess - 3314 - Processing relevant link: https://www.gamersky.com/handbook/202408/1803398_2.shtml
2024-11-30 22:19:30,241 - Default - MainProcess - 4653 - Starting to get the related page links
2024-11-30 22:19:32,044 - Default - MainProcess - 4653 - Found 10 links containing '第二回' on https://soso.gamersky.com/cse/search?q=第二回&s=3068275339727451251&nsid=1&nsid=1
2024-11-30 22:19:32,045 - Default - MainProcess - 4653 - Fetched links: ['https://www.gamersky.com/handbook/202408/1803398_4.shtml', 'https://www.gamersky.com/handbook/202408/1803398_2.shtml', 'https://wap.gamersky.com/gl/Content-1803703.html', 'https://wap.gamersky.com/gl/Content-1803398_6.html', 'https://acg.gamersky.com/news/202010/1332199_2.shtml', 'https://acg.gamersky.com/news/202010/1332199.shtml', 'https://down.gamersky.com/pc/202409/1815281.shtml', 'https://down.gamersky.com/pc/202409/1815279.shtml', 'https://club.gamersky.com/activity/857775?club=213', 'https://shouyou.gamersky.com/news/202005/1290401_2.shtml']
2024-11-30 22:19:33,956 - Default - MainProcess - 4653 - websense_agent: Relevant link found: https://www.gamersky.com/handbook/202408/1803398_4.shtml (Title: 《黑神话悟空》第二回蒲团位置及路线 第二章蒲团在哪_第二回-黄风岭-枕石坪枯松下-游民星空 GamerSky.com)
2024-11-30 22:19:34,505 - Default - MainProcess - 4653 - websense_agent: Relevant link found: https://www.gamersky.com/handbook/202408/1803398_2.shtml (Title: 《黑神话悟空》第二回蒲团位置及路线 第二章蒲团在哪_第二回-黄风岭-碎石台谷壑前-游民星空 GamerSky.com)
2024-11-30 22:19:38,538 - Default - MainProcess - 4653 - websense_agent: Relevant link found: https://wap.gamersky.com/gl/Content-1803703.html (Title: 《黑神话悟空》第二回虚空结位置及路线 第二章虚空结在哪 :: 游民星空 GamerSky.com)
2024-11-30 22:19:39,008 - Default - MainProcess - 4653 - websense_agent: Relevant link found: https://wap.gamersky.com/gl/Content-1803398_6.html (Title: 《黑神话悟空》第二回蒲团位置及路线 第二章蒲团在哪_第二回-黄风岭-沙门界石岩上 :: 游民星空 GamerSky.com)
2024-11-30 22:19:39,892 - Default - MainProcess - 4653 - websense_agent: Irrelevant link skipped: https://acg.gamersky.com/news/202010/1332199_2.shtml (Title: JUMP《鬼灭之刃》第二回人气投票 祢豆子又没进前十_动漫星空)
2024-11-30 22:19:40,577 - Default - MainProcess - 4653 - websense_agent: Irrelevant link skipped: https://acg.gamersky.com/news/202010/1332199.shtml (Title: JUMP《鬼灭之刃》第二回人气投票 祢豆子又没进前十_动漫星空)
2024-11-30 22:19:41,311 - Default - MainProcess - 4653 - websense_agent: Relevant link found: https://down.gamersky.com/pc/202409/1815281.shtml (Title: 《黑神话悟空》二周目第二回土地存档_黑神话：悟空下载 - 游民星空下载中心)
2024-11-30 22:19:41,960 - Default - MainProcess - 4653 - websense_agent: Relevant link found: https://down.gamersky.com/pc/202409/1815279.shtml (Title: 《黑神话悟空》二周目第二回石母存档_黑神话：悟空下载 - 游民星空下载中心)
2024-11-30 22:19:42,903 - Default - MainProcess - 4653 - websense_agent: Irrelevant link skipped: https://club.gamersky.com/activity/857775?club=213 (Title: 黑神话悟空全BOSS攻略集-第一回黑风山_黑神话：悟空|游民星空)
2024-11-30 22:19:43,843 - Default - MainProcess - 4653 - websense_agent: Irrelevant link skipped: https://shouyou.gamersky.com/news/202005/1290401_2.shtml (Title: 《弹丸论破：希望的学园和绝望的高中生》今日登陆移动端 售价约129元人民币 _ 游民星空手游频道)
2024-11-30 22:19:43,843 - Default - MainProcess - 4653 - Relevant links: ['https://www.gamersky.com/handbook/202408/1803398_4.shtml', 'https://www.gamersky.com/handbook/202408/1803398_2.shtml', 'https://wap.gamersky.com/gl/Content-1803703.html', 'https://wap.gamersky.com/gl/Content-1803398_6.html', 'https://down.gamersky.com/pc/202409/1815281.shtml', 'https://down.gamersky.com/pc/202409/1815279.shtml']
2024-11-30 22:19:43,843 - Default - MainProcess - 4653 - Processing relevant link: https://www.gamersky.com/handbook/202408/1803398_4.shtml
2024-11-30 22:19:43,843 - Default - MainProcess - 4653 - Processing relevant link: https://www.gamersky.com/handbook/202408/1803398_2.shtml
2024-11-30 22:19:43,843 - Default - MainProcess - 4653 - Processing relevant link: https://wap.gamersky.com/gl/Content-1803703.html
2024-11-30 22:19:43,843 - Default - MainProcess - 4653 - Processing relevant link: https://wap.gamersky.com/gl/Content-1803398_6.html
2024-11-30 22:19:43,843 - Default - MainProcess - 4653 - Processing relevant link: https://down.gamersky.com/pc/202409/1815281.shtml
2024-11-30 22:19:43,843 - Default - MainProcess - 4653 - Processing relevant link: https://down.gamersky.com/pc/202409/1815279.shtml
