2024-12-01 22:55:46,900 - Default - MainProcess - 92856 - Get related page links...
2024-12-01 22:55:47,556 - Default - MainProcess - 92856 - Found 9 links containing '第三回' on https://soso.gamersky.com/cse/search?q=第三回&s=3068275339727451251&nsid=1&nsid=1
2024-12-01 22:55:47,557 - Default - MainProcess - 92856 - Fetched links: ['https://www.gamersky.com/handbook/202409/1813209.shtml', 'https://www.gamersky.com/handbook/202408/1803942_8.shtml', 'https://wap.gamersky.com/gl/Content-1803834_4.html', 'https://wap.gamersky.com/gl/Content-1803410_2.html', 'http://club.gamersky.com/activity/858625?club=213', 'https://club.gamersky.com/activity/857775?club=213', 'https://shouyou.gamersky.com/gl/201610/818233.shtml', 'https://shouyou.gamersky.com/gl/201804/1034966_22.shtml', 'https://acg.gamersky.com/otaku/zt/201510/671731.shtml']
2024-12-01 22:55:48,667 - Default - MainProcess - 92856 - websense_agent: Relevant link found: https://www.gamersky.com/handbook/202409/1813209.shtml (Title: 《黑神话悟空》第三回剧情解析 第三回剧情讲了什么-游民星空 GamerSky.com)
2024-12-01 22:55:49,306 - Default - MainProcess - 92856 - websense_agent: Relevant link found: https://www.gamersky.com/handbook/202408/1803942_8.shtml (Title: 《黑神话悟空》第三回披挂图鉴及获取 第三章装备有哪些_衣甲-金身绣衫-游民星空 GamerSky.com)
2024-12-01 22:55:50,524 - Default - MainProcess - 92856 - websense_agent: Relevant link found: https://wap.gamersky.com/gl/Content-1803834_4.html (Title: 《黑神话悟空》第三回土地庙篝火列表 第三章传送点一览_小西天-极乐谷 :: 游民星空 GamerSky.com)
2024-12-01 22:55:51,095 - Default - MainProcess - 92856 - websense_agent: Relevant link found: https://wap.gamersky.com/gl/Content-1803410_2.html (Title: 《黑神话悟空》第三回蒲团位置及路线 第三章蒲团在哪_第三回-小西天-浮屠界冰崖底 :: 游民星空 GamerSky.com)
2024-12-01 22:55:51,827 - Default - MainProcess - 92856 - websense_agent: Relevant link found: http://club.gamersky.com/activity/858625?club=213 (Title: （求助）第三回无量蝠_黑神话：悟空|游民星空)
2024-12-01 22:55:52,571 - Default - MainProcess - 92856 - websense_agent: Irrelevant link skipped: https://club.gamersky.com/activity/857775?club=213 (Title: 黑神话悟空全BOSS攻略集-第一回黑风山_黑神话：悟空|游民星空)
2024-12-01 22:55:53,256 - Default - MainProcess - 92856 - websense_agent: Irrelevant link skipped: https://shouyou.gamersky.com/gl/201610/818233.shtml (Title: 阴阳师御魂副本第十层八歧大蛇技能解析 第十层怪物信息  _ 游民星空手游频道)
2024-12-01 22:55:54,006 - Default - MainProcess - 92856 - websense_agent: Irrelevant link skipped: https://shouyou.gamersky.com/gl/201804/1034966_22.shtml (Title: 这是武侠吗攻略大全 全图文流程通关攻略汇总_第二十三回 _ 游民星空手游频道)
2024-12-01 22:55:54,850 - Default - MainProcess - 92856 - websense_agent: Irrelevant link skipped: https://acg.gamersky.com/otaku/zt/201510/671731.shtml (Title: 《潮与虎》剧情赏析 回眸零碎片断带来的感动瞬间_动漫星空)
2024-12-01 22:55:54,850 - Default - MainProcess - 92856 - Relevant links: ['https://www.gamersky.com/handbook/202409/1813209.shtml', 'https://www.gamersky.com/handbook/202408/1803942_8.shtml', 'https://wap.gamersky.com/gl/Content-1803834_4.html', 'https://wap.gamersky.com/gl/Content-1803410_2.html', 'http://club.gamersky.com/activity/858625?club=213']
2024-12-01 22:56:11,178 - Default - MainProcess - 92856 - Processing relevant link: https://www.gamersky.com/handbook/202409/1813209.shtml
2024-12-01 22:56:11,179 - Default - MainProcess - 92856 - Processing relevant link: https://www.gamersky.com/handbook/202408/1803942_8.shtml
2024-12-01 22:56:11,179 - Default - MainProcess - 92856 - Processing relevant link: https://wap.gamersky.com/gl/Content-1803834_4.html
2024-12-01 22:56:11,179 - Default - MainProcess - 92856 - Processing relevant link: https://wap.gamersky.com/gl/Content-1803410_2.html
2024-12-01 22:56:11,179 - Default - MainProcess - 92856 - Processing relevant link: http://club.gamersky.com/activity/858625?club=213
2024-12-01 23:15:59,377 - Default - MainProcess - 96467 - Get related page links...
2024-12-01 23:16:00,035 - Default - MainProcess - 96467 - Found 10 links containing '黑神话第二回' on https://soso.gamersky.com/cse/search?q=黑神话第二回&s=3068275339727451251&nsid=1&nsid=1
2024-12-01 23:16:00,036 - Default - MainProcess - 96467 - Fetched links: ['https://wap.gamersky.com/gl/Content-1803232_9.html', 'https://www.gamersky.com/handbook/202408/1803231_11.shtml', 'https://wap.gamersky.com/gl/Content-1803231_19.html', 'https://www.gamersky.com/handbook/202409/1818443.shtml?gsAppOpenWithNewWindow=true', 'http://club.gamersky.com/m/activity/862410?club=213', 'https://down.gamersky.com/pc/202409/1815281.shtml', 'http://club.gamersky.com/activity/862542?club=213', 'https://down.gamersky.com/pc/202409/1816491.shtml', 'https://wap.gamersky.com/gl/Content-851493.html', 'https://www.gamersky.com/handbook/202408/1803398_2.shtml']
2024-12-01 23:16:01,910 - Default - MainProcess - 96467 - websense_agent: Relevant link found: https://wap.gamersky.com/gl/Content-1803232_9.html (Title: 《黑神话悟空》支线攻略 NPC位置及支线任务攻略汇总_第二回-石中人 :: 游民星空 GamerSky.com)
2024-12-01 23:16:02,719 - Default - MainProcess - 96467 - websense_agent: Relevant link found: https://www.gamersky.com/handbook/202408/1803231_11.shtml (Title: 《黑神话悟空》全探索图文攻略 支线+隐藏+重要收集路线讲解_第二回-沙门村 村口-游民星空 GamerSky.com)
2024-12-01 23:16:03,271 - Default - MainProcess - 96467 - websense_agent: Relevant link found: https://wap.gamersky.com/gl/Content-1803231_19.html (Title: 《黑神话悟空》全探索图文攻略 支线+隐藏+重要收集路线讲解_第二回-卧虎寺 寺门 :: 游民星空 GamerSky.com)
2024-12-01 23:16:03,996 - Default - MainProcess - 96467 - websense_agent: Relevant link found: https://www.gamersky.com/handbook/202409/1818443.shtml?gsAppOpenWithNewWindow=true (Title: 《黑神话悟空》第二回易错过支线及不可逆内容介绍-游民星空 GamerSky.com)
2024-12-01 23:16:04,806 - Default - MainProcess - 96467 - websense_agent: Relevant link found: http://club.gamersky.com/m/activity/862410?club=213 (Title: 《黑神话》第二回、第三回互动地图现已完全重制！_黑神话：悟空|游民星空)
2024-12-01 23:16:05,937 - Default - MainProcess - 96467 - websense_agent: Relevant link found: https://down.gamersky.com/pc/202409/1815281.shtml (Title: 《黑神话悟空》二周目第二回土地存档_黑神话：悟空下载 - 游民星空下载中心)
2024-12-01 23:16:06,456 - Default - MainProcess - 96467 - websense_agent: Irrelevant link skipped: http://club.gamersky.com/activity/862542?club=213 (Title: 二周目注意事项 千万别做这些事！_黑神话：悟空|游民星空)
2024-12-01 23:16:07,082 - Default - MainProcess - 96467 - websense_agent: Irrelevant link skipped: https://down.gamersky.com/pc/202409/1816491.shtml (Title: 《黑神话悟空》二周目第三回开场存档_黑神话：悟空下载 - 游民星空下载中心)
2024-12-01 23:16:07,590 - Default - MainProcess - 96467 - websense_agent: Irrelevant link skipped: https://wap.gamersky.com/gl/Content-851493.html (Title: 《饥荒》冷知识大全及实用技巧解析 材料获得打怪及生存技巧_ :: 游民星空 GamerSky.com)
2024-12-01 23:16:08,187 - Default - MainProcess - 96467 - websense_agent: Relevant link found: https://www.gamersky.com/handbook/202408/1803398_2.shtml (Title: 《黑神话悟空》第二回蒲团位置及路线 第二章蒲团在哪_第二回-黄风岭-碎石台谷壑前-游民星空 GamerSky.com)
2024-12-01 23:16:08,187 - Default - MainProcess - 96467 - Relevant links: ['https://wap.gamersky.com/gl/Content-1803232_9.html', 'https://www.gamersky.com/handbook/202408/1803231_11.shtml', 'https://wap.gamersky.com/gl/Content-1803231_19.html', 'https://www.gamersky.com/handbook/202409/1818443.shtml?gsAppOpenWithNewWindow=true', 'http://club.gamersky.com/m/activity/862410?club=213', 'https://down.gamersky.com/pc/202409/1815281.shtml', 'https://www.gamersky.com/handbook/202408/1803398_2.shtml']
2024-12-01 23:16:57,975 - Default - SpawnPoolWorker-11 - 96738 - Starting crawl for URL: https://wap.gamersky.com/gl/Content-1803232_9.html
2024-12-01 23:16:57,975 - Default - SpawnPoolWorker-11 - 96738 - -----------------------------------------------------------
2024-12-01 23:16:57,975 - Default - SpawnPoolWorker-11 - 96738 - New crawled URL added to crawled_urls.json: https://wap.gamersky.com/gl/Content-1803232_9.html. Total URLs: 1
2024-12-01 23:16:57,981 - Default - SpawnPoolWorker-5 - 96732 - Starting crawl for URL: https://www.gamersky.com/handbook/202408/1803231_11.shtml
2024-12-01 23:16:57,981 - Default - SpawnPoolWorker-5 - 96732 - -----------------------------------------------------------
2024-12-01 23:16:57,982 - Default - SpawnPoolWorker-9 - 96736 - Starting crawl for URL: https://wap.gamersky.com/gl/Content-1803231_19.html
2024-12-01 23:16:57,982 - Default - SpawnPoolWorker-9 - 96736 - Error crawling URL: https://wap.gamersky.com/gl/Content-1803231_19.html, Error: Expecting value: line 1 column 1 (char 0)
2024-12-01 23:16:57,982 - Default - SpawnPoolWorker-9 - 96736 - Starting crawl for URL: https://www.gamersky.com/handbook/202409/1818443.shtml?gsAppOpenWithNewWindow=true
2024-12-01 23:16:57,982 - Default - SpawnPoolWorker-9 - 96736 - -----------------------------------------------------------
2024-12-01 23:16:57,982 - Default - SpawnPoolWorker-5 - 96732 - New crawled URL added to crawled_urls.json: https://www.gamersky.com/handbook/202408/1803231_11.shtml. Total URLs: 1
2024-12-01 23:16:57,982 - Default - SpawnPoolWorker-9 - 96736 - New crawled URL added to crawled_urls.json: https://www.gamersky.com/handbook/202409/1818443.shtml?gsAppOpenWithNewWindow=true. Total URLs: 1
2024-12-01 23:16:57,987 - Default - SpawnPoolWorker-4 - 96731 - Starting crawl for URL: http://club.gamersky.com/m/activity/862410?club=213
2024-12-01 23:16:57,987 - Default - SpawnPoolWorker-4 - 96731 - -----------------------------------------------------------
2024-12-01 23:16:57,987 - Default - SpawnPoolWorker-4 - 96731 - New crawled URL added to crawled_urls.json: http://club.gamersky.com/m/activity/862410?club=213. Total URLs: 1
2024-12-01 23:16:57,988 - Default - SpawnPoolWorker-6 - 96733 - Starting crawl for URL: https://down.gamersky.com/pc/202409/1815281.shtml
2024-12-01 23:16:57,988 - Default - SpawnPoolWorker-6 - 96733 - -----------------------------------------------------------
2024-12-01 23:16:57,988 - Default - SpawnPoolWorker-6 - 96733 - New crawled URL added to crawled_urls.json: https://down.gamersky.com/pc/202409/1815281.shtml. Total URLs: 1
2024-12-01 23:16:57,990 - Default - SpawnPoolWorker-10 - 96737 - Starting crawl for URL: https://www.gamersky.com/handbook/202408/1803398_2.shtml
2024-12-01 23:16:57,990 - Default - SpawnPoolWorker-10 - 96737 - -----------------------------------------------------------
2024-12-01 23:16:57,990 - Default - SpawnPoolWorker-10 - 96737 - New crawled URL added to crawled_urls.json: https://www.gamersky.com/handbook/202408/1803398_2.shtml. Total URLs: 1
2024-12-01 23:16:58,213 - Default - SpawnPoolWorker-10 - 96737 - Success on attempt 1 for https://www.gamersky.com/handbook/202408/1803398_2.shtml
2024-12-01 23:16:58,215 - Default - SpawnPoolWorker-10 - 96737 - Found '黑神话' in Mid2L_con or Title at https://www.gamersky.com/handbook/202408/1803398_2.shtml (Depth: 1)
2024-12-01 23:16:58,215 - Default - SpawnPoolWorker-10 - 96737 - New link added to links.json: https://www.gamersky.com/handbook/202408/1803398_2.shtml. Total links: 1
2024-12-01 23:16:58,216 - Default - SpawnPoolWorker-4 - 96731 - Success on attempt 1 for http://club.gamersky.com/m/activity/862410?club=213
2024-12-01 23:16:58,217 - Default - SpawnPoolWorker-4 - 96731 - Found '黑神话' in full HTML at http://club.gamersky.com/m/activity/862410?club=213 (Depth: 1)
2024-12-01 23:16:58,217 - Default - SpawnPoolWorker-4 - 96731 - New link added to links.json: http://club.gamersky.com/m/activity/862410?club=213. Total links: 1
2024-12-01 23:16:58,217 - Default - SpawnPoolWorker-4 - 96731 - Error crawling URL: http://club.gamersky.com/m/activity/862410?club=213, Error: list index out of range
2024-12-01 23:16:58,220 - Default - SpawnPoolWorker-5 - 96732 - Success on attempt 1 for https://www.gamersky.com/handbook/202408/1803231_11.shtml
2024-12-01 23:16:58,222 - Default - SpawnPoolWorker-5 - 96732 - Found '黑神话' in Mid2L_con or Title at https://www.gamersky.com/handbook/202408/1803231_11.shtml (Depth: 1)
2024-12-01 23:16:58,222 - Default - SpawnPoolWorker-5 - 96732 - New link added to links.json: https://www.gamersky.com/handbook/202408/1803231_11.shtml. Total links: 1
2024-12-01 23:16:58,239 - Default - SpawnPoolWorker-9 - 96736 - Success on attempt 1 for https://www.gamersky.com/handbook/202409/1818443.shtml?gsAppOpenWithNewWindow=true
2024-12-01 23:16:58,241 - Default - SpawnPoolWorker-9 - 96736 - Found '黑神话' in Mid2L_con or Title at https://www.gamersky.com/handbook/202409/1818443.shtml?gsAppOpenWithNewWindow=true (Depth: 1)
2024-12-01 23:16:58,241 - Default - SpawnPoolWorker-9 - 96736 - New link added to links.json: https://www.gamersky.com/handbook/202409/1818443.shtml. Total links: 1
2024-12-01 23:16:58,483 - Default - SpawnPoolWorker-11 - 96738 - Success on attempt 1 for https://wap.gamersky.com/gl/Content-1803232_9.html
2024-12-01 23:16:58,485 - Default - SpawnPoolWorker-11 - 96738 - Found '黑神话' in full HTML at https://wap.gamersky.com/gl/Content-1803232_9.html (Depth: 1)
2024-12-01 23:16:58,485 - Default - SpawnPoolWorker-11 - 96738 - New link added to links.json: https://wap.gamersky.com/gl/Content-1803232_9.html. Total links: 1
2024-12-01 23:16:58,485 - Default - SpawnPoolWorker-11 - 96738 - Error crawling URL: https://wap.gamersky.com/gl/Content-1803232_9.html, Error: list index out of range
2024-12-01 23:16:58,792 - Default - SpawnPoolWorker-6 - 96733 - Success on attempt 1 for https://down.gamersky.com/pc/202409/1815281.shtml
2024-12-01 23:16:58,793 - Default - SpawnPoolWorker-6 - 96733 - Found '黑神话' in Mid2L_con or Title at https://down.gamersky.com/pc/202409/1815281.shtml (Depth: 1)
2024-12-01 23:16:58,794 - Default - SpawnPoolWorker-6 - 96733 - New link added to links.json: https://down.gamersky.com/pc/202409/1815281.shtml. Total links: 1
2024-12-01 23:17:02,887 - Default - SpawnPoolWorker-10 - 96737 - JSON content successfully saved to quicksearch_cache/mmtext.json
2024-12-01 23:17:02,888 - Default - SpawnPoolWorker-10 - 96737 - JSON content successfully saved to quicksearch_cache/mmimg.json
2024-12-01 23:17:02,888 - Default - SpawnPoolWorker-10 - 96737 - ⭐️1. Completed crawl and save data for URL: https://www.gamersky.com/handbook/202408/1803398_2.shtml
2024-12-01 23:17:03,828 - Default - SpawnPoolWorker-9 - 96736 - JSON content successfully saved to quicksearch_cache/mmtext.json
2024-12-01 23:17:03,829 - Default - SpawnPoolWorker-9 - 96736 - JSON content successfully saved to quicksearch_cache/mmimg.json
2024-12-01 23:17:03,830 - Default - SpawnPoolWorker-9 - 96736 - ⭐️1. Completed crawl and save data for URL: https://www.gamersky.com/handbook/202409/1818443.shtml?gsAppOpenWithNewWindow=true
2024-12-01 23:17:04,789 - Default - SpawnPoolWorker-5 - 96732 - JSON content successfully saved to quicksearch_cache/mmtext.json
2024-12-01 23:17:04,790 - Default - SpawnPoolWorker-5 - 96732 - JSON content successfully saved to quicksearch_cache/mmimg.json
2024-12-01 23:17:04,790 - Default - SpawnPoolWorker-5 - 96732 - ⭐️1. Completed crawl and save data for URL: https://www.gamersky.com/handbook/202408/1803231_11.shtml
2024-12-01 23:17:10,272 - Default - SpawnPoolWorker-6 - 96733 - JSON content successfully saved to quicksearch_cache/mmtext.json
2024-12-01 23:17:10,274 - Default - SpawnPoolWorker-6 - 96733 - JSON content successfully saved to quicksearch_cache/mmimg.json
2024-12-01 23:17:10,274 - Default - SpawnPoolWorker-6 - 96733 - ⭐️1. Completed crawl and save data for URL: https://down.gamersky.com/pc/202409/1815281.shtml
2024-12-01 23:17:10,303 - Default - MainProcess - 96467 - Completed web scraping process
